-- Found ament_cmake: 2.5.4 (/opt/ros/jazzy/share/ament_cmake/cmake)
-- Found controller_manager: 4.39.2 (/opt/ros/jazzy/share/controller_manager/cmake)
-- Found rosidl_generator_c: 4.6.6 (/opt/ros/jazzy/share/rosidl_generator_c/cmake)
-- Found rosidl_generator_cpp: 4.6.6 (/opt/ros/jazzy/share/rosidl_generator_cpp/cmake)
-- Using all available rosidl_typesupport_c: rosidl_typesupport_fastrtps_c;rosidl_typesupport_introspection_c
-- Using all available rosidl_typesupport_cpp: rosidl_typesupport_fastrtps_cpp;rosidl_typesupport_introspection_cpp
-- Found rmw_implementation_cmake: 7.3.2 (/opt/ros/jazzy/share/rmw_implementation_cmake/cmake)
-- Found rmw_fastrtps_cpp: 8.4.3 (/opt/ros/jazzy/share/rmw_fastrtps_cpp/cmake)
-- Found OpenSSL: /usr/lib/x86_64-linux-gnu/libcrypto.so (found version "3.0.13")  
-- Found FastRTPS: /opt/ros/jazzy/include (Required is at least version "2.13") 
-- Using RMW implementation 'rmw_fastrtps_cpp' as default
-- Found gripper_controllers: 4.34.0 (/opt/ros/jazzy/share/gripper_controllers/cmake)
-- Found eigen3_cmake_module: 0.3.0 (/opt/ros/jazzy/share/eigen3_cmake_module/cmake)
-- Found Eigen3: TRUE (found version "3.4.0") 
-- Ensuring Eigen3 include directory is part of orocos-kdl CMake target
-- Found gz_ros2_control: 1.2.16 (/opt/ros/jazzy/share/gz_ros2_control/cmake)
-- Found ros_gz: 1.0.16 (/opt/ros/jazzy/share/ros_gz/cmake)
-- Found ros_gz_bridge: 1.0.16 (/opt/ros/jazzy/share/ros_gz_bridge/cmake)
-- Looking for gz-msgs10 -- found version 10.3.2
-- Searching for dependencies of gz-msgs10
-- Found Protobuf: /usr/lib/x86_64-linux-gnu/libprotobuf.so (found version "3.21.12") 
-- Looking for gz-utils2 -- found version 2.2.1
-- Searching for dependencies of gz-utils2
-- Looking for gz-math7 -- found version 7.5.2
-- Searching for dependencies of gz-math7
-- Looking for gz-utils2 -- found version 2.2.1
-- Checking for module 'tinyxml2'
--   Found tinyxml2, version 10.0.0
-- Looking for gz-transport13 -- found version 13.5.0
-- Searching for dependencies of gz-transport13
-- Config-file not installed for ZeroMQ -- checking for pkg-config
-- Checking for module 'libzmq >= 4'
--   Found libzmq, version 4.3.5
-- Found ZeroMQ: TRUE (Required is at least version "4") 
-- Checking for module 'uuid'
--   Found uuid, version 2.39.3
-- Found UUID: TRUE  
-- Looking for gz-utils2 -- found version 2.2.1
-- Searching for dependencies of gz-utils2
-- Searching for <gz-utils2> component [cli]
-- Looking for gz-utils2-cli -- found version 2.2.1
-- Searching for dependencies of gz-utils2-cli
-- Looking for gz-msgs10 -- found version 10.3.2
-- Found ros_gz_image: 1.0.16 (/opt/ros/jazzy/share/ros_gz_image/cmake)
-- Found ros_gz_sim: 1.0.16 (/opt/ros/jazzy/share/ros_gz_sim/cmake)
-- Found ros2_control: 4.39.2 (/opt/ros/jazzy/share/ros2_control/cmake)
-- Found ros2_controllers: 4.34.0 (/opt/ros/jazzy/share/ros2_controllers/cmake)
-- Found xacro: 2.1.1 (/opt/ros/jazzy/share/xacro/cmake)
-- Found ament_lint_auto: 0.17.3 (/opt/ros/jazzy/share/ament_lint_auto/cmake)
-- Added test 'flake8' to check Python code syntax and style conventions
-- Configured 'flake8' exclude dirs and/or files: 
-- Added test 'lint_cmake' to check CMake code style
-- Added test 'pep257' to check Python code against some of the docstring style conventions in PEP 257
-- Added test 'xmllint' to check XML markup files
-- Configuring done (4.6s)
-- Generating done (0.0s)
-- Build files have been written to: /home/malith/rarm_ws/build/rarm
-- Install configuration: ""
-- Installing: /home/malith/rarm_ws/install/rarm/share/rarm/meshes
-- Installing: /home/malith/rarm_ws/install/rarm/share/rarm/meshes/L2.STL
-- Installing: /home/malith/rarm_ws/install/rarm/share/rarm/meshes/L6.STL
-- Installing: /home/malith/rarm_ws/install/rarm/share/rarm/meshes/L1.STL:Zone.Identifier
-- Installing: /home/malith/rarm_ws/install/rarm/share/rarm/meshes/L7.STL
-- Installing: /home/malith/rarm_ws/install/rarm/share/rarm/meshes/base_link.STL
-- Installing: /home/malith/rarm_ws/install/rarm/share/rarm/meshes/L3.STL
-- Installing: /home/malith/rarm_ws/install/rarm/share/rarm/meshes/L5.STL:Zone.Identifier
-- Installing: /home/malith/rarm_ws/install/rarm/share/rarm/meshes/L4.STL
-- Installing: /home/malith/rarm_ws/install/rarm/share/rarm/meshes/base_link.STL:Zone.Identifier
-- Installing: /home/malith/rarm_ws/install/rarm/share/rarm/meshes/L1.STL
-- Installing: /home/malith/rarm_ws/install/rarm/share/rarm/meshes/L2.STL:Zone.Identifier
-- Installing: /home/malith/rarm_ws/install/rarm/share/rarm/meshes/L5.STL
-- Installing: /home/malith/rarm_ws/install/rarm/share/rarm/meshes/L3.STL:Zone.Identifier
-- Installing: /home/malith/rarm_ws/install/rarm/share/rarm/meshes/L4.STL:Zone.Identifier
-- Installing: /home/malith/rarm_ws/install/rarm/share/rarm/meshes/L6.STL:Zone.Identifier
-- Installing: /home/malith/rarm_ws/install/rarm/share/rarm/meshes/L8.STL
-- Installing: /home/malith/rarm_ws/install/rarm/share/rarm/meshes/L7.STL:Zone.Identifier
-- Installing: /home/malith/rarm_ws/install/rarm/share/rarm/meshes/L8.STL:Zone.Identifier
-- Installing: /home/malith/rarm_ws/install/rarm/share/rarm/urdf
-- Installing: /home/malith/rarm_ws/install/rarm/share/rarm/urdf/GP7.urdf.xacro
-- Installing: /home/malith/rarm_ws/install/rarm/share/rarm/urdf/gazebo_sim_ros2_control.urdf.xacro
-- Installing: /home/malith/rarm_ws/install/rarm/share/rarm/urdf/GP7_ros2_control.urdf.xacro
-- Installing: /home/malith/rarm_ws/install/rarm/share/rarm/urdf/GP7_Robot_A1_ZAxis_A2.urdf.xacro
-- Installing: /home/malith/rarm_ws/install/rarm/share/rarm/launch
-- Installing: /home/malith/rarm_ws/install/rarm/share/rarm/launch/GP7.gazebo.launch.py
-- Installing: /home/malith/rarm_ws/install/rarm/share/rarm/launch/load_ros2_controllers.launch.py
-- Installing: /home/malith/rarm_ws/install/rarm/share/rarm/launch/robot_state_publisher.launch.py
-- Installing: /home/malith/rarm_ws/install/rarm/share/rarm/rviz
-- Installing: /home/malith/rarm_ws/install/rarm/share/rarm/rviz/robot_config.rviz
-- Installing: /home/malith/rarm_ws/install/rarm/share/rarm/worlds
-- Installing: /home/malith/rarm_ws/install/rarm/share/rarm/worlds/empty.world
-- Installing: /home/malith/rarm_ws/install/rarm/share/rarm/worlds/pick_and_place_demo.world
-- Installing: /home/malith/rarm_ws/install/rarm/share/rarm/config
-- Installing: /home/malith/rarm_ws/install/rarm/share/rarm/config/ros_gz_bridge.yaml
-- Installing: /home/malith/rarm_ws/install/rarm/share/rarm/config/ros2_controllers_template.yaml
-- Installing: /home/malith/rarm_ws/install/rarm/share/rarm/config/ros2_controllers.yaml
-- Installing: /home/malith/rarm_ws/install/rarm/share/rarm/bring_up
-- Installing: /home/malith/rarm_ws/install/rarm/share/rarm/bring_up/gp7.sh
-- Installing: /home/malith/rarm_ws/install/rarm/share/ament_index/resource_index/package_run_dependencies/rarm
-- Up-to-date: /home/malith/rarm_ws/install/rarm/share/ament_index/resource_index/parent_prefix_path/rarm
-- Up-to-date: /home/malith/rarm_ws/install/rarm/share/rarm/environment/ament_prefix_path.sh
-- Up-to-date: /home/malith/rarm_ws/install/rarm/share/rarm/environment/ament_prefix_path.dsv
-- Up-to-date: /home/malith/rarm_ws/install/rarm/share/rarm/environment/path.sh
-- Up-to-date: /home/malith/rarm_ws/install/rarm/share/rarm/environment/path.dsv
-- Up-to-date: /home/malith/rarm_ws/install/rarm/share/rarm/local_setup.bash
-- Up-to-date: /home/malith/rarm_ws/install/rarm/share/rarm/local_setup.sh
-- Up-to-date: /home/malith/rarm_ws/install/rarm/share/rarm/local_setup.zsh
-- Up-to-date: /home/malith/rarm_ws/install/rarm/share/rarm/local_setup.dsv
-- Up-to-date: /home/malith/rarm_ws/install/rarm/share/rarm/package.dsv
-- Up-to-date: /home/malith/rarm_ws/install/rarm/share/ament_index/resource_index/packages/rarm
-- Up-to-date: /home/malith/rarm_ws/install/rarm/share/rarm/cmake/rarmConfig.cmake
-- Up-to-date: /home/malith/rarm_ws/install/rarm/share/rarm/cmake/rarmConfig-version.cmake
-- Installing: /home/malith/rarm_ws/install/rarm/share/rarm/package.xml
