[0.008s] Invoking command in '/home/malith/rarm_ws/build/rarm': CMAKE_PREFIX_PATH=${CMAKE_PREFIX_PATH}:/opt/ros/jazzy /usr/bin/cmake --build /home/malith/rarm_ws/build/rarm -- -j8 -l8
[0.026s] -- Found ament_cmake: 2.5.4 (/opt/ros/jazzy/share/ament_cmake/cmake)
[0.168s] -- Found controller_manager: 4.39.2 (/opt/ros/jazzy/share/controller_manager/cmake)
[0.329s] -- Found rosidl_generator_c: 4.6.6 (/opt/ros/jazzy/share/rosidl_generator_c/cmake)
[0.348s] -- Found rosidl_generator_cpp: 4.6.6 (/opt/ros/jazzy/share/rosidl_generator_cpp/cmake)
[0.378s] -- Using all available rosidl_typesupport_c: rosidl_typesupport_fastrtps_c;rosidl_typesupport_introspection_c
[0.404s] -- Using all available rosidl_typesupport_cpp: rosidl_typesupport_fastrtps_cpp;rosidl_typesupport_introspection_cpp
[0.513s] -- Found rmw_implementation_cmake: 7.3.2 (/opt/ros/jazzy/share/rmw_implementation_cmake/cmake)
[0.520s] -- Found rmw_fastrtps_cpp: 8.4.3 (/opt/ros/jazzy/share/rmw_fastrtps_cpp/cmake)
[0.613s] -- Found OpenSSL: /usr/lib/x86_64-linux-gnu/libcrypto.so (found version "3.0.13")  
[0.743s] -- Found FastRTPS: /opt/ros/jazzy/include (Required is at least version "2.13") 
[0.821s] -- Using RMW implementation 'rmw_fastrtps_cpp' as default
[1.682s] -- Found gripper_controllers: 4.34.0 (/opt/ros/jazzy/share/gripper_controllers/cmake)
[1.765s] -- Found eigen3_cmake_module: 0.3.0 (/opt/ros/jazzy/share/eigen3_cmake_module/cmake)
[1.767s] -- Found Eigen3: TRUE (found version "3.4.0") 
[1.767s] -- Ensuring Eigen3 include directory is part of orocos-kdl CMake target
[1.886s] -- Found gz_ros2_control: 1.2.16 (/opt/ros/jazzy/share/gz_ros2_control/cmake)
[1.903s] -- Found ros_gz: 1.0.16 (/opt/ros/jazzy/share/ros_gz/cmake)
[1.906s] -- Found ros_gz_bridge: 1.0.16 (/opt/ros/jazzy/share/ros_gz_bridge/cmake)
[1.951s] -- Looking for gz-msgs10 -- found version 10.3.2
[1.969s] -- Searching for dependencies of gz-msgs10
[2.987s] -- Found Protobuf: /usr/lib/x86_64-linux-gnu/libprotobuf.so (found version "3.21.12") 
[2.990s] -- Looking for gz-utils2 -- found version 2.2.1
[2.990s] -- Searching for dependencies of gz-utils2
[2.993s] -- Looking for gz-math7 -- found version 7.5.2
[2.993s] -- Searching for dependencies of gz-math7
[2.994s] -- Looking for gz-utils2 -- found version 2.2.1
[2.998s] -- Checking for module 'tinyxml2'
[3.008s] --   Found tinyxml2, version 10.0.0
[3.040s] -- Looking for gz-transport13 -- found version 13.5.0
[3.040s] -- Searching for dependencies of gz-transport13
[4.220s] -- Config-file not installed for ZeroMQ -- checking for pkg-config
[4.224s] -- Checking for module 'libzmq >= 4'
[4.235s] --   Found libzmq, version 4.3.5
[4.263s] -- Found ZeroMQ: TRUE (Required is at least version "4") 
[4.295s] -- Checking for module 'uuid'
[4.305s] --   Found uuid, version 2.39.3
[4.329s] -- Found UUID: TRUE  
[4.330s] -- Looking for gz-utils2 -- found version 2.2.1
[4.330s] -- Searching for dependencies of gz-utils2
[4.330s] -- Searching for <gz-utils2> component [cli]
[4.333s] -- Looking for gz-utils2-cli -- found version 2.2.1
[4.333s] -- Searching for dependencies of gz-utils2-cli
[4.334s] -- Looking for gz-msgs10 -- found version 10.3.2
[4.490s] -- Found ros_gz_image: 1.0.16 (/opt/ros/jazzy/share/ros_gz_image/cmake)
[4.493s] -- Found ros_gz_sim: 1.0.16 (/opt/ros/jazzy/share/ros_gz_sim/cmake)
[4.501s] -- Found ros2_control: 4.39.2 (/opt/ros/jazzy/share/ros2_control/cmake)
[4.504s] -- Found ros2_controllers: 4.34.0 (/opt/ros/jazzy/share/ros2_controllers/cmake)
[4.508s] -- Found xacro: 2.1.1 (/opt/ros/jazzy/share/xacro/cmake)
[4.508s] -- Found ament_lint_auto: 0.17.3 (/opt/ros/jazzy/share/ament_lint_auto/cmake)
[4.574s] -- Added test 'flake8' to check Python code syntax and style conventions
[4.574s] -- Configured 'flake8' exclude dirs and/or files: 
[4.575s] -- Added test 'lint_cmake' to check CMake code style
[4.575s] -- Added test 'pep257' to check Python code against some of the docstring style conventions in PEP 257
[4.576s] -- Added test 'xmllint' to check XML markup files
[4.576s] -- Configuring done (4.6s)
[4.581s] -- Generating done (0.0s)
[4.583s] -- Build files have been written to: /home/malith/rarm_ws/build/rarm
[4.602s] Invoked command in '/home/malith/rarm_ws/build/rarm' returned '0': CMAKE_PREFIX_PATH=${CMAKE_PREFIX_PATH}:/opt/ros/jazzy /usr/bin/cmake --build /home/malith/rarm_ws/build/rarm -- -j8 -l8
[4.608s] Invoking command in '/home/malith/rarm_ws/build/rarm': CMAKE_PREFIX_PATH=${CMAKE_PREFIX_PATH}:/opt/ros/jazzy /usr/bin/cmake --install /home/malith/rarm_ws/build/rarm
[4.615s] -- Install configuration: ""
[4.615s] -- Installing: /home/malith/rarm_ws/install/rarm/share/rarm/meshes
[4.615s] -- Installing: /home/malith/rarm_ws/install/rarm/share/rarm/meshes/L2.STL
[4.618s] -- Installing: /home/malith/rarm_ws/install/rarm/share/rarm/meshes/L6.STL
[4.619s] -- Installing: /home/malith/rarm_ws/install/rarm/share/rarm/meshes/L1.STL:Zone.Identifier
[4.619s] -- Installing: /home/malith/rarm_ws/install/rarm/share/rarm/meshes/L7.STL
[4.620s] -- Installing: /home/malith/rarm_ws/install/rarm/share/rarm/meshes/base_link.STL
[4.625s] -- Installing: /home/malith/rarm_ws/install/rarm/share/rarm/meshes/L3.STL
[4.629s] -- Installing: /home/malith/rarm_ws/install/rarm/share/rarm/meshes/L5.STL:Zone.Identifier
[4.629s] -- Installing: /home/malith/rarm_ws/install/rarm/share/rarm/meshes/L4.STL
[4.631s] -- Installing: /home/malith/rarm_ws/install/rarm/share/rarm/meshes/base_link.STL:Zone.Identifier
[4.631s] -- Installing: /home/malith/rarm_ws/install/rarm/share/rarm/meshes/L1.STL
[4.633s] -- Installing: /home/malith/rarm_ws/install/rarm/share/rarm/meshes/L2.STL:Zone.Identifier
[4.633s] -- Installing: /home/malith/rarm_ws/install/rarm/share/rarm/meshes/L5.STL
[4.634s] -- Installing: /home/malith/rarm_ws/install/rarm/share/rarm/meshes/L3.STL:Zone.Identifier
[4.634s] -- Installing: /home/malith/rarm_ws/install/rarm/share/rarm/meshes/L4.STL:Zone.Identifier
[4.634s] -- Installing: /home/malith/rarm_ws/install/rarm/share/rarm/meshes/L6.STL:Zone.Identifier
[4.634s] -- Installing: /home/malith/rarm_ws/install/rarm/share/rarm/meshes/L8.STL
[4.635s] -- Installing: /home/malith/rarm_ws/install/rarm/share/rarm/meshes/L7.STL:Zone.Identifier
[4.635s] -- Installing: /home/malith/rarm_ws/install/rarm/share/rarm/meshes/L8.STL:Zone.Identifier
[4.635s] -- Installing: /home/malith/rarm_ws/install/rarm/share/rarm/urdf
[4.635s] -- Installing: /home/malith/rarm_ws/install/rarm/share/rarm/urdf/GP7.urdf.xacro
[4.635s] -- Installing: /home/malith/rarm_ws/install/rarm/share/rarm/urdf/gazebo_sim_ros2_control.urdf.xacro
[4.635s] -- Installing: /home/malith/rarm_ws/install/rarm/share/rarm/urdf/GP7_ros2_control.urdf.xacro
[4.635s] -- Installing: /home/malith/rarm_ws/install/rarm/share/rarm/urdf/GP7_Robot_A1_ZAxis_A2.urdf.xacro
[4.636s] -- Installing: /home/malith/rarm_ws/install/rarm/share/rarm/launch
[4.636s] -- Installing: /home/malith/rarm_ws/install/rarm/share/rarm/launch/GP7.gazebo.launch.py
[4.636s] -- Installing: /home/malith/rarm_ws/install/rarm/share/rarm/launch/load_ros2_controllers.launch.py
[4.636s] -- Installing: /home/malith/rarm_ws/install/rarm/share/rarm/launch/robot_state_publisher.launch.py
[4.636s] -- Installing: /home/malith/rarm_ws/install/rarm/share/rarm/rviz
[4.636s] -- Installing: /home/malith/rarm_ws/install/rarm/share/rarm/rviz/robot_config.rviz
[4.637s] -- Installing: /home/malith/rarm_ws/install/rarm/share/rarm/worlds
[4.637s] -- Installing: /home/malith/rarm_ws/install/rarm/share/rarm/worlds/empty.world
[4.637s] -- Installing: /home/malith/rarm_ws/install/rarm/share/rarm/worlds/pick_and_place_demo.world
[4.637s] -- Installing: /home/malith/rarm_ws/install/rarm/share/rarm/config
[4.637s] -- Installing: /home/malith/rarm_ws/install/rarm/share/rarm/config/ros_gz_bridge.yaml
[4.637s] -- Installing: /home/malith/rarm_ws/install/rarm/share/rarm/config/ros2_controllers_template.yaml
[4.637s] -- Installing: /home/malith/rarm_ws/install/rarm/share/rarm/config/ros2_controllers.yaml
[4.637s] -- Installing: /home/malith/rarm_ws/install/rarm/share/rarm/bring_up
[4.637s] -- Installing: /home/malith/rarm_ws/install/rarm/share/rarm/bring_up/gp7.sh
[4.637s] -- Installing: /home/malith/rarm_ws/install/rarm/share/ament_index/resource_index/package_run_dependencies/rarm
[4.638s] -- Up-to-date: /home/malith/rarm_ws/install/rarm/share/ament_index/resource_index/parent_prefix_path/rarm
[4.638s] -- Up-to-date: /home/malith/rarm_ws/install/rarm/share/rarm/environment/ament_prefix_path.sh
[4.638s] -- Up-to-date: /home/malith/rarm_ws/install/rarm/share/rarm/environment/ament_prefix_path.dsv
[4.638s] -- Up-to-date: /home/malith/rarm_ws/install/rarm/share/rarm/environment/path.sh
[4.638s] -- Up-to-date: /home/malith/rarm_ws/install/rarm/share/rarm/environment/path.dsv
[4.639s] -- Up-to-date: /home/malith/rarm_ws/install/rarm/share/rarm/local_setup.bash
[4.639s] -- Up-to-date: /home/malith/rarm_ws/install/rarm/share/rarm/local_setup.sh
[4.639s] -- Up-to-date: /home/malith/rarm_ws/install/rarm/share/rarm/local_setup.zsh
[4.639s] -- Up-to-date: /home/malith/rarm_ws/install/rarm/share/rarm/local_setup.dsv
[4.639s] -- Up-to-date: /home/malith/rarm_ws/install/rarm/share/rarm/package.dsv
[4.639s] -- Up-to-date: /home/malith/rarm_ws/install/rarm/share/ament_index/resource_index/packages/rarm
[4.639s] -- Up-to-date: /home/malith/rarm_ws/install/rarm/share/rarm/cmake/rarmConfig.cmake
[4.640s] -- Up-to-date: /home/malith/rarm_ws/install/rarm/share/rarm/cmake/rarmConfig-version.cmake
[4.640s] -- Installing: /home/malith/rarm_ws/install/rarm/share/rarm/package.xml
[4.640s] Invoked command in '/home/malith/rarm_ws/build/rarm' returned '0': CMAKE_PREFIX_PATH=${CMAKE_PREFIX_PATH}:/opt/ros/jazzy /usr/bin/cmake --install /home/malith/rarm_ws/build/rarm
