-- Install configuration: ""
-- Up-to-date: /home/malith/rarm_ws/install/rarm/share/rarm/meshes
-- Up-to-date: /home/malith/rarm_ws/install/rarm/share/rarm/meshes/L2.STL
-- Up-to-date: /home/malith/rarm_ws/install/rarm/share/rarm/meshes/L6.STL
-- Up-to-date: /home/malith/rarm_ws/install/rarm/share/rarm/meshes/L1.STL:Zone.Identifier
-- Up-to-date: /home/malith/rarm_ws/install/rarm/share/rarm/meshes/L7.STL
-- Up-to-date: /home/malith/rarm_ws/install/rarm/share/rarm/meshes/base_link.STL
-- Up-to-date: /home/malith/rarm_ws/install/rarm/share/rarm/meshes/L3.STL
-- Up-to-date: /home/malith/rarm_ws/install/rarm/share/rarm/meshes/L5.STL:Zone.Identifier
-- Up-to-date: /home/malith/rarm_ws/install/rarm/share/rarm/meshes/L4.STL
-- Up-to-date: /home/malith/rarm_ws/install/rarm/share/rarm/meshes/base_link.STL:Zone.Identifier
-- Up-to-date: /home/malith/rarm_ws/install/rarm/share/rarm/meshes/L1.STL
-- Up-to-date: /home/malith/rarm_ws/install/rarm/share/rarm/meshes/L2.STL:Zone.Identifier
-- Up-to-date: /home/malith/rarm_ws/install/rarm/share/rarm/meshes/L5.STL
-- Up-to-date: /home/malith/rarm_ws/install/rarm/share/rarm/meshes/L3.STL:Zone.Identifier
-- Up-to-date: /home/malith/rarm_ws/install/rarm/share/rarm/meshes/L4.STL:Zone.Identifier
-- Up-to-date: /home/malith/rarm_ws/install/rarm/share/rarm/meshes/L6.STL:Zone.Identifier
-- Up-to-date: /home/malith/rarm_ws/install/rarm/share/rarm/meshes/L8.STL
-- Up-to-date: /home/malith/rarm_ws/install/rarm/share/rarm/meshes/L7.STL:Zone.Identifier
-- Up-to-date: /home/malith/rarm_ws/install/rarm/share/rarm/meshes/L8.STL:Zone.Identifier
-- Up-to-date: /home/malith/rarm_ws/install/rarm/share/rarm/urdf
-- Up-to-date: /home/malith/rarm_ws/install/rarm/share/rarm/urdf/GP7.urdf.xacro
-- Up-to-date: /home/malith/rarm_ws/install/rarm/share/rarm/urdf/gazebo_sim_ros2_control.urdf.xacro
-- Up-to-date: /home/malith/rarm_ws/install/rarm/share/rarm/urdf/GP7_ros2_control.urdf.xacro
-- Up-to-date: /home/malith/rarm_ws/install/rarm/share/rarm/urdf/GP7_Robot_A1_ZAxis_A2.urdf.xacro
-- Up-to-date: /home/malith/rarm_ws/install/rarm/share/rarm/launch
-- Up-to-date: /home/malith/rarm_ws/install/rarm/share/rarm/launch/GP7.gazebo.launch.py
-- Up-to-date: /home/malith/rarm_ws/install/rarm/share/rarm/launch/load_ros2_controllers.launch.py
-- Up-to-date: /home/malith/rarm_ws/install/rarm/share/rarm/launch/robot_state_publisher.launch.py
-- Up-to-date: /home/malith/rarm_ws/install/rarm/share/rarm/rviz
-- Up-to-date: /home/malith/rarm_ws/install/rarm/share/rarm/rviz/robot_config.rviz
-- Up-to-date: /home/malith/rarm_ws/install/rarm/share/rarm/worlds
-- Up-to-date: /home/malith/rarm_ws/install/rarm/share/rarm/worlds/empty.world
-- Up-to-date: /home/malith/rarm_ws/install/rarm/share/rarm/worlds/pick_and_place_demo.world
-- Up-to-date: /home/malith/rarm_ws/install/rarm/share/rarm/config
-- Up-to-date: /home/malith/rarm_ws/install/rarm/share/rarm/config/ros_gz_bridge.yaml
-- Up-to-date: /home/malith/rarm_ws/install/rarm/share/rarm/config/ros2_controllers_template.yaml
-- Up-to-date: /home/malith/rarm_ws/install/rarm/share/rarm/config/ros2_controllers.yaml
-- Up-to-date: /home/malith/rarm_ws/install/rarm/share/rarm/bring_up
-- Up-to-date: /home/malith/rarm_ws/install/rarm/share/rarm/bring_up/gp7.sh
-- Up-to-date: /home/malith/rarm_ws/install/rarm/share/ament_index/resource_index/package_run_dependencies/rarm
-- Up-to-date: /home/malith/rarm_ws/install/rarm/share/ament_index/resource_index/parent_prefix_path/rarm
-- Up-to-date: /home/malith/rarm_ws/install/rarm/share/rarm/environment/ament_prefix_path.sh
-- Up-to-date: /home/malith/rarm_ws/install/rarm/share/rarm/environment/ament_prefix_path.dsv
-- Up-to-date: /home/malith/rarm_ws/install/rarm/share/rarm/environment/path.sh
-- Up-to-date: /home/malith/rarm_ws/install/rarm/share/rarm/environment/path.dsv
-- Up-to-date: /home/malith/rarm_ws/install/rarm/share/rarm/local_setup.bash
-- Up-to-date: /home/malith/rarm_ws/install/rarm/share/rarm/local_setup.sh
-- Up-to-date: /home/malith/rarm_ws/install/rarm/share/rarm/local_setup.zsh
-- Up-to-date: /home/malith/rarm_ws/install/rarm/share/rarm/local_setup.dsv
-- Installing: /home/malith/rarm_ws/install/rarm/share/rarm/package.dsv
-- Up-to-date: /home/malith/rarm_ws/install/rarm/share/ament_index/resource_index/packages/rarm
-- Up-to-date: /home/malith/rarm_ws/install/rarm/share/rarm/cmake/rarmConfig.cmake
-- Up-to-date: /home/malith/rarm_ws/install/rarm/share/rarm/cmake/rarmConfig-version.cmake
-- Up-to-date: /home/malith/rarm_ws/install/rarm/share/rarm/package.xml
