[0.019s] Invoking command in '/home/malith/rarm_ws/build/rarm': CMAKE_PREFIX_PATH=${CMAKE_PREFIX_PATH}:/opt/ros/jazzy /usr/bin/cmake /home/malith/rarm_ws/src/rarm -DCMAKE_INSTALL_PREFIX=/home/malith/rarm_ws/install/rarm
[0.232s] -- The C compiler identification is GNU 13.3.0
[0.761s] -- The CXX compiler identification is GNU 13.3.0
[1.195s] -- Detecting C compiler ABI info
[1.390s] -- Detecting C compiler ABI info - done
[1.396s] -- Check for working C compiler: /usr/bin/cc - skipped
[1.399s] -- Detecting C compile features
[1.399s] -- Detecting C compile features - done
[1.467s] -- Detecting CXX compiler ABI info
[1.655s] -- Detecting CXX compiler ABI info - done
[1.661s] -- Check for working CXX compiler: /usr/bin/c++ - skipped
[1.661s] -- Detecting CXX compile features
[1.661s] -- Detecting CXX compile features - done
[1.696s] -- Found ament_cmake: 2.5.4 (/opt/ros/jazzy/share/ament_cmake/cmake)
[1.809s] -- Found Python3: /usr/bin/python3 (found version "3.12.3") found components: Interpreter 
[1.933s] -- Found ament_lint_auto: 0.17.3 (/opt/ros/jazzy/share/ament_lint_auto/cmake)
[2.028s] -- Added test 'flake8' to check Python code syntax and style conventions
[2.028s] -- Configured 'flake8' exclude dirs and/or files: 
[2.029s] -- Added test 'lint_cmake' to check CMake code style
[2.030s] -- Added test 'pep257' to check Python code against some of the docstring style conventions in PEP 257
[2.032s] -- Added test 'xmllint' to check XML markup files
[2.034s] -- Configuring done (2.0s)
[2.036s] -- Generating done (0.0s)
[2.037s] -- Build files have been written to: /home/malith/rarm_ws/build/rarm
[2.041s] Invoked command in '/home/malith/rarm_ws/build/rarm' returned '0': CMAKE_PREFIX_PATH=${CMAKE_PREFIX_PATH}:/opt/ros/jazzy /usr/bin/cmake /home/malith/rarm_ws/src/rarm -DCMAKE_INSTALL_PREFIX=/home/malith/rarm_ws/install/rarm
[2.041s] Invoking command in '/home/malith/rarm_ws/build/rarm': CMAKE_PREFIX_PATH=${CMAKE_PREFIX_PATH}:/opt/ros/jazzy /usr/bin/cmake --build /home/malith/rarm_ws/build/rarm -- -j8 -l8
[2.064s] Invoked command in '/home/malith/rarm_ws/build/rarm' returned '0': CMAKE_PREFIX_PATH=${CMAKE_PREFIX_PATH}:/opt/ros/jazzy /usr/bin/cmake --build /home/malith/rarm_ws/build/rarm -- -j8 -l8
[2.070s] Invoking command in '/home/malith/rarm_ws/build/rarm': CMAKE_PREFIX_PATH=${CMAKE_PREFIX_PATH}:/opt/ros/jazzy /usr/bin/cmake --install /home/malith/rarm_ws/build/rarm
[2.074s] -- Install configuration: ""
[2.074s] -- Installing: /home/malith/rarm_ws/install/rarm/share/ament_index/resource_index/package_run_dependencies/rarm
[2.075s] -- Installing: /home/malith/rarm_ws/install/rarm/share/ament_index/resource_index/parent_prefix_path/rarm
[2.075s] -- Installing: /home/malith/rarm_ws/install/rarm/share/rarm/environment/ament_prefix_path.sh
[2.075s] -- Installing: /home/malith/rarm_ws/install/rarm/share/rarm/environment/ament_prefix_path.dsv
[2.075s] -- Installing: /home/malith/rarm_ws/install/rarm/share/rarm/environment/path.sh
[2.075s] -- Installing: /home/malith/rarm_ws/install/rarm/share/rarm/environment/path.dsv
[2.075s] -- Installing: /home/malith/rarm_ws/install/rarm/share/rarm/local_setup.bash
[2.075s] -- Installing: /home/malith/rarm_ws/install/rarm/share/rarm/local_setup.sh
[2.076s] -- Installing: /home/malith/rarm_ws/install/rarm/share/rarm/local_setup.zsh
[2.076s] -- Installing: /home/malith/rarm_ws/install/rarm/share/rarm/local_setup.dsv
[2.076s] -- Installing: /home/malith/rarm_ws/install/rarm/share/rarm/package.dsv
[2.076s] -- Installing: /home/malith/rarm_ws/install/rarm/share/ament_index/resource_index/packages/rarm
[2.076s] -- Installing: /home/malith/rarm_ws/install/rarm/share/rarm/cmake/rarmConfig.cmake
[2.076s] -- Installing: /home/malith/rarm_ws/install/rarm/share/rarm/cmake/rarmConfig-version.cmake
[2.076s] -- Installing: /home/malith/rarm_ws/install/rarm/share/rarm/package.xml
[2.077s] Invoked command in '/home/malith/rarm_ws/build/rarm' returned '0': CMAKE_PREFIX_PATH=${CMAKE_PREFIX_PATH}:/opt/ros/jazzy /usr/bin/cmake --install /home/malith/rarm_ws/build/rarm
